0 info it worked if it ends with ok
1 verbose cli [ 'node', '/usr/local/bin/npm', 'install', 'rlwrap' ]
2 info using npm@1.4.23
3 info using node@v0.10.30
4 verbose node symlink /usr/local/bin/node
5 verbose config Skipping project config: /Users/david/.npmrc. (matches userconfig)
6 verbose cache add [ 'rlwrap', null ]
7 verbose cache add name=undefined spec="rlwrap" args=["rlwrap",null]
8 verbose parsed url { protocol: null,
8 verbose parsed url   slashes: null,
8 verbose parsed url   auth: null,
8 verbose parsed url   host: null,
8 verbose parsed url   port: null,
8 verbose parsed url   hostname: null,
8 verbose parsed url   hash: null,
8 verbose parsed url   search: null,
8 verbose parsed url   query: null,
8 verbose parsed url   pathname: 'rlwrap',
8 verbose parsed url   path: 'rlwrap',
8 verbose parsed url   href: 'rlwrap' }
9 silly lockFile 21b1dd08-rlwrap rlwrap
10 verbose lock rlwrap /Users/david/.npm/21b1dd08-rlwrap.lock
11 silly lockFile 21b1dd08-rlwrap rlwrap
12 silly lockFile 21b1dd08-rlwrap rlwrap
13 verbose addNamed [ 'rlwrap', '' ]
14 verbose addNamed [ null, '*' ]
15 silly lockFile 4df9f22a-rlwrap rlwrap@
16 verbose lock rlwrap@ /Users/david/.npm/4df9f22a-rlwrap.lock
17 silly addNameRange { name: 'rlwrap', range: '*', hasData: false }
18 verbose request where is /rlwrap
19 verbose request registry https://registry.npmjs.org/
20 verbose request id b7883ab9fdc77f88
21 verbose url raw /rlwrap
22 verbose url resolving [ 'https://registry.npmjs.org/', './rlwrap' ]
23 verbose url resolved https://registry.npmjs.org/rlwrap
24 verbose request where is https://registry.npmjs.org/rlwrap
25 info trying registry request attempt 1 at 21:51:22
26 http GET https://registry.npmjs.org/rlwrap
27 http 404 https://registry.npmjs.org/rlwrap
28 verbose headers { date: 'Mon, 04 Aug 2014 13:51:22 GMT',
28 verbose headers   server: 'CouchDB/1.5.0 (Erlang OTP/R16B03)',
28 verbose headers   'content-type': 'application/json',
28 verbose headers   'cache-control': 'max-age=0',
28 verbose headers   'content-length': '52',
28 verbose headers   'accept-ranges': 'bytes',
28 verbose headers   via: '1.1 varnish',
28 verbose headers   age: '0',
28 verbose headers   'x-served-by': 'cache-ty66-TYO',
28 verbose headers   'x-cache': 'MISS',
28 verbose headers   'x-cache-hits': '0',
28 verbose headers   'x-timer': 'S1407160282.447092,VS0,VE523',
28 verbose headers   'keep-alive': 'timeout=10, max=50',
28 verbose headers   connection: 'Keep-Alive' }
29 silly registry.get cb [ 404,
29 silly registry.get   { date: 'Mon, 04 Aug 2014 13:51:22 GMT',
29 silly registry.get     server: 'CouchDB/1.5.0 (Erlang OTP/R16B03)',
29 silly registry.get     'content-type': 'application/json',
29 silly registry.get     'cache-control': 'max-age=0',
29 silly registry.get     'content-length': '52',
29 silly registry.get     'accept-ranges': 'bytes',
29 silly registry.get     via: '1.1 varnish',
29 silly registry.get     age: '0',
29 silly registry.get     'x-served-by': 'cache-ty66-TYO',
29 silly registry.get     'x-cache': 'MISS',
29 silly registry.get     'x-cache-hits': '0',
29 silly registry.get     'x-timer': 'S1407160282.447092,VS0,VE523',
29 silly registry.get     'keep-alive': 'timeout=10, max=50',
29 silly registry.get     connection: 'Keep-Alive' } ]
30 silly lockFile 4df9f22a-rlwrap rlwrap@
31 silly lockFile 4df9f22a-rlwrap rlwrap@
32 error 404 404 Not Found: rlwrap
32 error 404
32 error 404 'rlwrap' is not in the npm registry.
32 error 404 You should bug the author to publish it
32 error 404
32 error 404 Note that you can also install from a
32 error 404 tarball, folder, or http url, or git url.
33 error System Darwin 13.3.0
34 error command "node" "/usr/local/bin/npm" "install" "rlwrap"
35 error cwd /Users/david/jekyll
36 error node -v v0.10.30
37 error npm -v 1.4.23
38 error code E404
39 verbose exit [ 1, true ]
